[   20006ms] [ERROR] 診断エラー: Error: ドメインが見つかりません
    at getDomainRecords (http://localhost:5177/src/api/dns-resolver.js:261:15)
    at async HTMLButtonElement.performDiagnosis (http://localhost:5177/src/main.js?t=1778067349813:219:21) @ http://localhost:5177/src/main.js?t=1778067349813:241
[   85770ms] [LOG] === Monitoring setup complete === @ :16
[   85770ms] [LOG] Current class: error-message hidden @ :17
[   85770ms] [LOG] Current text: ドメインが見つかりません @ :18
[  103424ms] [LOG] [2026-05-06T11:37:48.001Z] Class changed: error-message hidden @ :9
[  103478ms] [ERROR] 診断エラー: Error: ドメインが見つかりません
    at getDomainRecords (http://localhost:5177/src/api/dns-resolver.js:261:15)
    at async HTMLButtonElement.performDiagnosis (http://localhost:5177/src/main.js?t=1778067349813:219:21) @ http://localhost:5177/src/main.js?t=1778067349813:241
[  103478ms] [LOG] [2026-05-06T11:37:48.056Z] Class changed: error-message @ :9
[  108481ms] [LOG] [2026-05-06T11:37:53.058Z] Class changed: error-message hidden @ :9
[  129306ms] [LOG] [2026-05-06T11:38:13.883Z] Class changed: error-message hidden @ :9
[  129327ms] [ERROR] 診断エラー: Error: ドメインが見つかりません
    at getDomainRecords (http://localhost:5177/src/api/dns-resolver.js:261:15)
    at async HTMLButtonElement.performDiagnosis (http://localhost:5177/src/main.js?t=1778067349813:219:21) @ http://localhost:5177/src/main.js?t=1778067349813:241
[  129328ms] [LOG] [2026-05-06T11:38:13.905Z] Class changed: error-message @ :9
[  134331ms] [LOG] [2026-05-06T11:38:18.908Z] Class changed: error-message hidden @ :9
[  154559ms] [LOG] [2026-05-06T11:38:39.137Z] Class changed: error-message hidden @ :9
[  154573ms] [ERROR] 診断エラー: Error: ドメインが見つかりません
    at getDomainRecords (http://localhost:5177/src/api/dns-resolver.js:261:15)
    at async HTMLButtonElement.performDiagnosis (http://localhost:5177/src/main.js?t=1778067349813:219:21) @ http://localhost:5177/src/main.js?t=1778067349813:241
[  154573ms] [LOG] [2026-05-06T11:38:39.151Z] Class changed: error-message @ :9
[  159576ms] [LOG] [2026-05-06T11:38:44.153Z] Class changed: error-message hidden @ :9
